<?xml version="1.0" encoding="UTF-8"?>
<!-- Generated by org.testng.reporters.JUnitXMLReporter -->
<testsuite hostname="TAMEEM-SAIEED" ignored="2" name="Test" tests="1" failures="0" timestamp="29 Mar 2019 13:31:24 GMT" time="0.137" errors="0">
  <testcase name="@BeforeSuite setUp" time="0.078" classname="com.project1.base.TestBase">
    <failure type="java.lang.NullPointerException">
      <![CDATA[java.lang.NullPointerException
at com.project1.base.TestBase.setUp(TestBase.java:44)
... Removed 20 stack frames]]>
    </failure>
  </testcase> <!-- @BeforeSuite setUp -->
  <testcase name="loginAsBankManager" time="0.001" classname="com.project1.testCases.LoginTest">
    <skipped/>
  </testcase> <!-- loginAsBankManager -->
  <testcase name="@AfterSuite tearDown" time="0.0" classname="com.project1.base.TestBase">
    <ignored/>
  </testcase> <!-- @AfterSuite tearDown -->
  <testcase name="@BeforeSuite setUp" time="0.0" classname="com.project1.base.TestBase">
    <ignored/>
  </testcase> <!-- @BeforeSuite setUp -->
</testsuite> <!-- Test -->
