<?xml version="1.0" encoding="UTF-8"?>
<testsuite name="AddCustomerTest"
           tests="3"
           failures="0"
           errors="0"
           skipped="0"
           time="43.928">
  <properties />
  
  
            <testcase name="addCustomerTest" time="15.153" classname="com.project1.testCases.AddCustomerTest" />
                <testcase name="addCustomerTest" time="14.376" classname="com.project1.testCases.AddCustomerTest" />
                <testcase name="addCustomerTest" time="14.399" classname="com.project1.testCases.AddCustomerTest" />
      
</testsuite>
