<?xml version="1.0" encoding="UTF-8"?>
<!-- Generated by org.testng.reporters.JUnitXMLReporter -->
<testsuite hostname="TAMEEM-SAIEED" ignored="0" name="AddCustomerTest" tests="3" failures="0" timestamp="05 Apr 2019 13:51:23 GMT" time="44.592" errors="0">
  <testcase name="addCustomerTest" time="15.153" classname="com.project1.testCases.AddCustomerTest"/>
  <testcase name="addCustomerTest" time="14.376" classname="com.project1.testCases.AddCustomerTest"/>
  <testcase name="addCustomerTest" time="14.399" classname="com.project1.testCases.AddCustomerTest"/>
</testsuite> <!-- AddCustomerTest -->
